<?xml version="1.0" encoding="UTF-8"?>
<testsuite name="se.sdaproject.LinkedListTests" tests="1" skipped="0" failures="0" errors="0" timestamp="2021-03-08T23:15:29" hostname="MacBook-Pro-de-Clement.local" time="0.215">
  <properties/>
  <testcase name="testRemove()" classname="se.sdaproject.LinkedListTests" time="0.215"/>
  <system-out><![CDATA[]]></system-out>
  <system-err><![CDATA[]]></system-err>
</testsuite>
